2022-09-15 22:01:01,060 INFO o.a.j.u.JMeterUtils: Setting Locale to en_EN
2022-09-15 22:01:01,068 INFO o.a.j.JMeter: Loading user properties from: C:\jmeter\bin\user.properties
2022-09-15 22:01:01,068 INFO o.a.j.JMeter: Loading system properties from: C:\jmeter\bin\system.properties
2022-09-15 22:01:01,073 INFO o.a.j.JMeter: Copyright (c) 1998-2022 The Apache Software Foundation
2022-09-15 22:01:01,073 INFO o.a.j.JMeter: Version 5.5
2022-09-15 22:01:01,073 INFO o.a.j.JMeter: java.version=1.8.0_341
2022-09-15 22:01:01,073 INFO o.a.j.JMeter: java.vm.name=Java HotSpot(TM) Client VM
2022-09-15 22:01:01,073 INFO o.a.j.JMeter: os.name=Windows 10
2022-09-15 22:01:01,073 INFO o.a.j.JMeter: os.arch=x86
2022-09-15 22:01:01,073 INFO o.a.j.JMeter: os.version=10.0
2022-09-15 22:01:01,076 INFO o.a.j.JMeter: file.encoding=Cp1252
2022-09-15 22:01:01,076 INFO o.a.j.JMeter: java.awt.headless=true
2022-09-15 22:01:01,076 INFO o.a.j.JMeter: Max memory     =1073741824
2022-09-15 22:01:01,076 INFO o.a.j.JMeter: Available Processors =12
2022-09-15 22:01:01,079 INFO o.a.j.JMeter: Default Locale=English (EN)
2022-09-15 22:01:01,079 INFO o.a.j.JMeter: JMeter  Locale=English (EN)
2022-09-15 22:01:01,079 INFO o.a.j.JMeter: JMeterHome=C:\jmeter
2022-09-15 22:01:01,079 INFO o.a.j.JMeter: user.dir  =C:\jmeter\bin\ecomerce
2022-09-15 22:01:01,079 INFO o.a.j.JMeter: PWD       =C:\jmeter\bin\ecomerce
2022-09-15 22:01:01,080 INFO o.a.j.JMeter: IP: 192.168.1.6 Name: DESKTOP-7F77GBQ FullName: DESKTOP-7F77GBQ
2022-09-15 22:01:01,092 INFO o.a.j.JMeter: Setting property 'jmeter.reportgenerator.outputdir' to:'C:\jmeter\bin\ecomerce\Dashbord'
2022-09-15 22:01:01,094 INFO o.a.j.s.FileServer: Default base='C:\jmeter\bin\ecomerce'
2022-09-15 22:01:01,094 INFO o.a.j.s.FileServer: Set new base='C:\jmeter\bin\ecomerce'
2022-09-15 22:01:01,175 INFO o.a.j.s.SaveService: Testplan (JMX) version: 2.2. Testlog (JTL) version: 2.2
2022-09-15 22:01:01,187 INFO o.a.j.s.SaveService: Using SaveService properties file encoding UTF-8
2022-09-15 22:01:01,189 INFO o.a.j.s.SaveService: Using SaveService properties version 5.0
2022-09-15 22:01:01,194 INFO o.a.j.s.SaveService: Loading file: ecomerce.jmx
2022-09-15 22:01:01,262 INFO o.a.j.p.h.s.HTTPSamplerBase: Parser for text/html is org.apache.jmeter.protocol.http.parser.LagartoBasedHtmlParser
2022-09-15 22:01:01,262 INFO o.a.j.p.h.s.HTTPSamplerBase: Parser for application/xhtml+xml is org.apache.jmeter.protocol.http.parser.LagartoBasedHtmlParser
2022-09-15 22:01:01,262 INFO o.a.j.p.h.s.HTTPSamplerBase: Parser for application/xml is org.apache.jmeter.protocol.http.parser.LagartoBasedHtmlParser
2022-09-15 22:01:01,262 INFO o.a.j.p.h.s.HTTPSamplerBase: Parser for text/xml is org.apache.jmeter.protocol.http.parser.LagartoBasedHtmlParser
2022-09-15 22:01:01,262 INFO o.a.j.p.h.s.HTTPSamplerBase: Parser for text/vnd.wap.wml is org.apache.jmeter.protocol.http.parser.RegexpHTMLParser
2022-09-15 22:01:01,262 INFO o.a.j.p.h.s.HTTPSamplerBase: Parser for text/css is org.apache.jmeter.protocol.http.parser.CssParser
2022-09-15 22:01:01,503 INFO o.a.j.p.h.c.CookieManager: Settings: Delete null: true Check: true Allow variable: true Save: false Prefix: COOKIE_
2022-09-15 22:01:01,505 INFO o.a.j.p.h.c.CacheManager: Will only cache the following methods: [GET]
2022-09-15 22:01:01,536 INFO o.a.j.e.KeyToolUtils: Exception checking for keytool existence, will return false, try another way.
2022-09-15 22:01:01,650 INFO o.a.j.e.KeyToolUtils: keytool found at 'C:\Program Files (x86)\Java\jre1.8.0_341\bin\keytool'
2022-09-15 22:01:01,652 INFO o.a.j.p.h.p.ProxyControl: HTTP(S) Test Script Recorder SSL Proxy will use keys that support embedded 3rd party resources in file C:\jmeter\bin\proxyserver.jks
2022-09-15 22:01:01,676 INFO o.a.j.JMeter: Creating summariser <summary>
2022-09-15 22:01:01,680 INFO o.a.j.r.d.ReportGenerator: ReportGenerator will use for Parsing the separator: ','
2022-09-15 22:01:01,680 INFO o.a.j.r.d.ReportGenerator: Will generate report at end of test from  results file: resultado.jtl
2022-09-15 22:01:01,680 INFO o.a.j.r.d.ReportGenerator: Reading report generator properties from: C:\jmeter\bin\reportgenerator.properties
2022-09-15 22:01:01,680 INFO o.a.j.r.d.ReportGenerator: Merging with JMeter properties
2022-09-15 22:01:01,684 INFO o.a.j.r.c.ReportGeneratorConfiguration: Property 'jmeter.reportgenerator.temp_dir' not found, using default value 'temp' instead.
2022-09-15 22:01:01,686 INFO o.a.j.r.c.ReportGeneratorConfiguration: Property 'jmeter.reportgenerator.apdex_per_transaction' not found, using default value 'null' instead.
2022-09-15 22:01:01,686 INFO o.a.j.r.c.ReportGeneratorConfiguration: apdex_per_transaction is empty, not APDEX per transaction customization
2022-09-15 22:01:01,686 INFO o.a.j.r.c.ReportGeneratorConfiguration: Property 'jmeter.reportgenerator.sample_filter' not found, using default value 'null' instead.
2022-09-15 22:01:01,686 INFO o.a.j.r.c.ReportGeneratorConfiguration: Property 'jmeter.reportgenerator.report_title' not found, using default value 'null' instead.
2022-09-15 22:01:01,686 INFO o.a.j.r.c.ReportGeneratorConfiguration: Property 'jmeter.reportgenerator.start_date' not found, using default value 'null' instead.
2022-09-15 22:01:01,686 INFO o.a.j.r.c.ReportGeneratorConfiguration: Property 'jmeter.reportgenerator.end_date' not found, using default value 'null' instead.
2022-09-15 22:01:01,686 INFO o.a.j.r.c.ReportGeneratorConfiguration: Property 'jmeter.reportgenerator.date_format' not found, using default value 'null' instead.
2022-09-15 22:01:01,686 INFO o.a.j.r.c.ReportGeneratorConfiguration: Will use date range start date: null, end date: null
2022-09-15 22:01:01,689 INFO o.a.j.r.c.ReportGeneratorConfiguration: Property 'jmeter.reportgenerator.graph.totalTPS.exclude_controllers' not found, using default value 'false' instead.
2022-09-15 22:01:01,689 INFO o.a.j.r.c.ReportGeneratorConfiguration: Property 'jmeter.reportgenerator.graph.activeThreadsOverTime.exclude_controllers' not found, using default value 'false' instead.
2022-09-15 22:01:01,689 INFO o.a.j.r.c.ReportGeneratorConfiguration: Property 'jmeter.reportgenerator.graph.timeVsThreads.exclude_controllers' not found, using default value 'false' instead.
2022-09-15 22:01:01,689 INFO o.a.j.r.c.ReportGeneratorConfiguration: Property 'jmeter.reportgenerator.graph.responseTimeDistribution.exclude_controllers' not found, using default value 'false' instead.
2022-09-15 22:01:01,689 INFO o.a.j.r.c.ReportGeneratorConfiguration: Property 'jmeter.reportgenerator.graph.transactionsPerSecond.exclude_controllers' not found, using default value 'false' instead.
2022-09-15 22:01:01,689 INFO o.a.j.r.c.ReportGeneratorConfiguration: Property 'jmeter.reportgenerator.graph.responseTimePercentiles.exclude_controllers' not found, using default value 'false' instead.
2022-09-15 22:01:01,689 INFO o.a.j.r.c.ReportGeneratorConfiguration: Property 'jmeter.reportgenerator.graph.responseTimePercentilesOverTime.exclude_controllers' not found, using default value 'false' instead.
2022-09-15 22:01:01,689 INFO o.a.j.r.c.ReportGeneratorConfiguration: Property 'jmeter.reportgenerator.graph.responseTimesOverTime.exclude_controllers' not found, using default value 'false' instead.
2022-09-15 22:01:01,690 INFO o.a.j.r.c.ReportGeneratorConfiguration: Property 'jmeter.reportgenerator.graph.connectTimeOverTime.exclude_controllers' not found, using default value 'false' instead.
2022-09-15 22:01:01,690 INFO o.a.j.r.c.ReportGeneratorConfiguration: Property 'jmeter.reportgenerator.graph.latenciesOverTime.exclude_controllers' not found, using default value 'false' instead.
2022-09-15 22:01:01,690 INFO o.a.j.r.c.ReportGeneratorConfiguration: Property 'jmeter.reportgenerator.exporter.json.filters_only_sample_series' not found, using default value 'true' instead.
2022-09-15 22:01:01,690 INFO o.a.j.r.c.ReportGeneratorConfiguration: Property 'jmeter.reportgenerator.exporter.json.series_filter' not found, using default value '' instead.
2022-09-15 22:01:01,690 INFO o.a.j.r.c.ReportGeneratorConfiguration: Property 'jmeter.reportgenerator.exporter.json.show_controllers_only' not found, using default value 'false' instead.
2022-09-15 22:01:01,691 INFO o.a.j.r.c.ReportGeneratorConfiguration: Property 'jmeter.reportgenerator.exporter.html.filters_only_sample_series' not found, using default value 'true' instead.
2022-09-15 22:01:01,691 INFO o.a.j.r.c.ReportGeneratorConfiguration: Property 'jmeter.reportgenerator.exporter.html.series_filter' not found, using default value '' instead.
2022-09-15 22:01:01,691 INFO o.a.j.r.c.ReportGeneratorConfiguration: Property 'jmeter.reportgenerator.exporter.html.show_controllers_only' not found, using default value 'false' instead.
2022-09-15 22:01:01,696 INFO o.a.j.e.StandardJMeterEngine: Running the test!
2022-09-15 22:01:01,696 INFO o.a.j.s.SampleEvent: List of sample_variables: []
2022-09-15 22:01:01,696 INFO o.a.j.s.SampleEvent: List of sample_variables: []
2022-09-15 22:01:01,699 INFO o.a.j.e.u.CompoundVariable: Note: Function class names must contain the string: '.functions.'
2022-09-15 22:01:01,700 INFO o.a.j.e.u.CompoundVariable: Note: Function class names must not contain the string: '.gui.'
2022-09-15 22:01:01,909 INFO o.a.j.JMeter: Running test (1663290061909)
2022-09-15 22:01:01,963 INFO o.a.j.e.StandardJMeterEngine: Starting ThreadGroup: 1 : Cenário de Testes 1 - usuario Navegador
2022-09-15 22:01:01,963 INFO o.a.j.e.StandardJMeterEngine: Starting 1 threads for group Cenário de Testes 1 - usuario Navegador.
2022-09-15 22:01:01,963 INFO o.a.j.e.StandardJMeterEngine: Thread will continue on error
2022-09-15 22:01:01,963 INFO o.a.j.t.ThreadGroup: Starting thread group... number=1 threads=1 ramp-up=1 delayedStart=false
2022-09-15 22:01:01,969 INFO o.a.j.t.ThreadGroup: Started thread group number 1
2022-09-15 22:01:01,969 INFO o.a.j.e.StandardJMeterEngine: Starting ThreadGroup: 2 : Cenário de Testes 2 - usuario Buscador
2022-09-15 22:01:01,969 INFO o.a.j.e.StandardJMeterEngine: Starting 1 threads for group Cenário de Testes 2 - usuario Buscador.
2022-09-15 22:01:01,969 INFO o.a.j.e.StandardJMeterEngine: Thread will continue on error
2022-09-15 22:01:01,969 INFO o.a.j.t.ThreadGroup: Starting thread group... number=2 threads=1 ramp-up=1 delayedStart=false
2022-09-15 22:01:01,972 INFO o.a.j.t.ThreadGroup: Started thread group number 2
2022-09-15 22:01:01,972 INFO o.a.j.e.StandardJMeterEngine: Starting ThreadGroup: 3 : Cenário de Testes 3 - Usuario Comprador
2022-09-15 22:01:01,972 INFO o.a.j.e.StandardJMeterEngine: Starting 1 threads for group Cenário de Testes 3 - Usuario Comprador.
2022-09-15 22:01:01,972 INFO o.a.j.e.StandardJMeterEngine: Thread will continue on error
2022-09-15 22:01:01,972 INFO o.a.j.t.ThreadGroup: Starting thread group... number=3 threads=1 ramp-up=1 delayedStart=false
2022-09-15 22:01:01,974 INFO o.a.j.t.ThreadGroup: Started thread group number 3
2022-09-15 22:01:01,974 INFO o.a.j.e.StandardJMeterEngine: Starting ThreadGroup: 4 : Minhas Gravações
2022-09-15 22:01:01,974 INFO o.a.j.e.StandardJMeterEngine: Starting 1 threads for group Minhas Gravações.
2022-09-15 22:01:01,974 INFO o.a.j.e.StandardJMeterEngine: Thread will continue on error
2022-09-15 22:01:01,974 INFO o.a.j.t.ThreadGroup: Starting thread group... number=4 threads=1 ramp-up=1 delayedStart=false
2022-09-15 22:01:01,974 INFO o.a.j.t.JMeterThread: Thread started: Cenário de Testes 1 - usuario Navegador 1-1
2022-09-15 22:01:01,974 INFO o.a.j.t.ThreadGroup: Started thread group number 4
2022-09-15 22:01:01,974 INFO o.a.j.e.StandardJMeterEngine: All thread groups have been started
2022-09-15 22:01:01,974 INFO o.a.j.t.JMeterThread: Thread started: Minhas Gravações 4-1
2022-09-15 22:01:01,974 INFO o.a.j.t.JMeterThread: Thread started: Cenário de Testes 3 - Usuario Comprador 3-1
2022-09-15 22:01:01,975 INFO o.a.j.t.JMeterThread: Thread is done: Minhas Gravações 4-1
2022-09-15 22:01:01,975 INFO o.a.j.t.JMeterThread: Thread started: Cenário de Testes 2 - usuario Buscador 2-1
2022-09-15 22:01:01,975 INFO o.a.j.t.JMeterThread: Thread finished: Minhas Gravações 4-1
2022-09-15 22:01:01,987 INFO o.a.j.p.h.s.HTTPHCAbstractImpl: Local host = DESKTOP-7F77GBQ
2022-09-15 22:01:01,990 INFO o.a.j.p.h.s.HTTPHC4Impl: HTTP request retry count = 0
2022-09-15 22:01:01,991 INFO o.a.j.s.SampleResult: Note: Sample TimeStamps are START times
2022-09-15 22:01:01,991 INFO o.a.j.s.SampleResult: sampleresult.default.encoding is set to ISO-8859-1
2022-09-15 22:01:01,991 INFO o.a.j.s.SampleResult: sampleresult.useNanoTime=true
2022-09-15 22:01:01,991 INFO o.a.j.s.SampleResult: sampleresult.nanoThreadSleep=5000
2022-09-15 22:01:02,045 INFO o.a.j.p.h.s.h.LazyLayeredConnectionSocketFactory: Setting up HTTPS TrustAll Socket Factory
2022-09-15 22:01:02,049 INFO o.a.j.u.JsseSSLManager: Using default SSL protocol: TLS
2022-09-15 22:01:02,049 INFO o.a.j.u.JsseSSLManager: SSL session context: per-thread
2022-09-15 22:01:02,207 INFO o.a.j.u.SSLManager: JmeterKeyStore Location:  type JKS
2022-09-15 22:01:02,209 INFO o.a.j.u.SSLManager: KeyStore created OK
2022-09-15 22:01:02,209 WARN o.a.j.u.SSLManager: Keystore file not found, loading empty keystore
2022-09-15 22:01:02,510 INFO o.a.j.r.Summariser: summary +      1 in 00:00:01 =    1.7/s Avg:   481 Min:   481 Max:   481 Err:     1 (100.00%) Active: 3 Started: 4 Finished: 1
2022-09-15 22:01:05,575 INFO o.a.j.p.h.p.BaseParser: Created org.apache.jmeter.protocol.http.parser.LagartoBasedHtmlParser
2022-09-15 22:01:05,617 INFO o.a.j.p.h.s.ResourcesDownloader: Creating ResourcesDownloader with keepalive_inseconds : 60
2022-09-15 22:01:05,769 INFO o.a.j.p.h.p.BaseParser: Created org.apache.jmeter.protocol.http.parser.CssParser
2022-09-15 22:01:05,888 WARN c.h.c.r.e.LoggingCSSParseErrorHandler: [147:5] Deprecated property name '*display'
2022-09-15 22:01:05,889 WARN c.h.c.r.e.LoggingCSSParseErrorHandler: [161:5] Deprecated property name '*display'
2022-09-15 22:01:05,890 WARN c.h.c.r.e.LoggingCSSParseErrorHandler: [190:5] Deprecated property name '*display'
2022-09-15 22:01:05,890 WARN c.h.c.r.e.LoggingCSSParseErrorHandler: [204:5] Deprecated property name '*display'
2022-09-15 22:01:05,893 WARN c.h.c.r.e.LoggingCSSParseErrorHandler: [288:5] Deprecated property name '*display'
2022-09-15 22:01:07,452 WARN c.h.c.r.e.LoggingCSSParseErrorHandler: [3831:3] Deprecated property name '*margin-right'
2022-09-15 22:01:07,455 WARN c.h.c.r.e.LoggingCSSParseErrorHandler: [4036:5] Deprecated property name '*line-height'
2022-09-15 22:01:07,455 WARN c.h.c.r.e.LoggingCSSParseErrorHandler: [4039:5] Deprecated property name '*line-height'
2022-09-15 22:01:30,473 INFO o.a.j.r.Summariser: summary +    192 in 00:00:28 =    6.9/s Avg:   408 Min:    24 Max:  5893 Err:     6 (3.12%) Active: 3 Started: 4 Finished: 1
2022-09-15 22:01:30,474 INFO o.a.j.r.Summariser: summary =    193 in 00:00:29 =    6.8/s Avg:   409 Min:    24 Max:  5893 Err:     7 (3.63%)
2022-09-15 22:01:42,986 INFO o.a.j.t.JMeterThread: Thread is done: Cenário de Testes 2 - usuario Buscador 2-1
2022-09-15 22:01:42,986 INFO o.a.j.t.JMeterThread: Thread finished: Cenário de Testes 2 - usuario Buscador 2-1
2022-09-15 22:01:45,033 INFO o.a.j.t.JMeterThread: Thread is done: Cenário de Testes 3 - Usuario Comprador 3-1
2022-09-15 22:01:45,033 INFO o.a.j.t.JMeterThread: Thread finished: Cenário de Testes 3 - Usuario Comprador 3-1
2022-09-15 22:01:54,158 INFO o.a.j.t.JMeterThread: Thread is done: Cenário de Testes 1 - usuario Navegador 1-1
2022-09-15 22:01:54,158 INFO o.a.j.t.JMeterThread: Thread finished: Cenário de Testes 1 - usuario Navegador 1-1
2022-09-15 22:01:54,160 INFO o.a.j.e.StandardJMeterEngine: Notifying test listeners of end of test
2022-09-15 22:01:54,160 INFO o.a.j.r.Summariser: summary +     88 in 00:00:24 =    3.7/s Avg:   648 Min:     1 Max:  7551 Err:     5 (5.68%) Active: 0 Started: 4 Finished: 4
2022-09-15 22:01:54,161 INFO o.a.j.r.Summariser: summary =    281 in 00:00:52 =    5.4/s Avg:   484 Min:     1 Max:  7551 Err:    12 (4.27%)
2022-09-15 22:01:54,162 INFO o.a.j.JMeter: Generating Dashboard
2022-09-15 22:01:54,162 INFO o.a.j.r.d.ReportGenerator: Flushing result collector before report Generation
2022-09-15 22:01:54,173 INFO o.a.j.r.p.NormalizerSampleConsumer: Using format, 'ms', to parse timeStamp field
2022-09-15 22:01:54,243 INFO o.a.j.r.p.AbstractSampleConsumer: class org.apache.jmeter.report.processor.AggregateConsumer#stopProducing(): beginDate produced 0 samples
2022-09-15 22:01:54,243 INFO o.a.j.r.p.AbstractSampleConsumer: class org.apache.jmeter.report.processor.AggregateConsumer#stopProducing(): endDate produced 0 samples
2022-09-15 22:01:54,245 INFO o.a.j.r.p.AbstractSampleConsumer: class org.apache.jmeter.report.processor.ApdexSummaryConsumer#stopProducing(): apdexSummary produced 0 samples
2022-09-15 22:01:54,245 INFO o.a.j.r.p.AbstractSampleConsumer: class org.apache.jmeter.report.processor.RequestsSummaryConsumer#stopProducing(): requestsSummary produced 0 samples
2022-09-15 22:01:54,251 INFO o.a.j.r.p.AbstractSampleConsumer: class org.apache.jmeter.report.processor.StatisticsSummaryConsumer#stopProducing(): statisticsSummary produced 0 samples
2022-09-15 22:01:54,253 INFO o.a.j.r.p.AbstractSampleConsumer: class org.apache.jmeter.report.processor.Top5ErrorsBySamplerConsumer#stopProducing(): top5ErrorsBySampler produced 0 samples
2022-09-15 22:01:54,253 INFO o.a.j.r.p.AbstractSampleConsumer: class org.apache.jmeter.report.processor.ErrorsSummaryConsumer#stopProducing(): errorsSummary produced 0 samples
2022-09-15 22:01:54,253 INFO o.a.j.r.p.AbstractSampleConsumer: class org.apache.jmeter.report.processor.graph.impl.HitsPerSecondGraphConsumer#stopProducing(): hitsPerSecond produced 0 samples
2022-09-15 22:01:54,268 INFO o.a.j.r.p.AbstractSampleConsumer: class org.apache.jmeter.report.processor.graph.impl.LatencyVSRequestGraphConsumer#stopProducing(): latencyVsRequest produced 0 samples
2022-09-15 22:01:54,268 INFO o.a.j.r.p.AbstractSampleConsumer: class org.apache.jmeter.report.processor.graph.impl.SyntheticResponseTimeDistributionGraphConsumer#stopProducing(): syntheticResponseTimeDistribution produced 0 samples
2022-09-15 22:01:54,268 INFO o.a.j.r.p.AbstractSampleConsumer: class org.apache.jmeter.report.processor.graph.impl.BytesThroughputGraphConsumer#stopProducing(): bytesThroughputOverTime produced 0 samples
2022-09-15 22:01:54,268 INFO o.a.j.r.p.AbstractSampleConsumer: class org.apache.jmeter.report.processor.graph.impl.CodesPerSecondGraphConsumer#stopProducing(): codesPerSecond produced 0 samples
2022-09-15 22:01:54,278 INFO o.a.j.r.p.AbstractSampleConsumer: class org.apache.jmeter.report.processor.graph.impl.ResponseTimeVSRequestGraphConsumer#stopProducing(): responseTimeVsRequest produced 0 samples
2022-09-15 22:01:54,278 INFO o.a.j.r.p.AbstractSampleConsumer: class org.apache.jmeter.report.processor.FilterConsumer#stopProducing(): startIntervalControlerFilter produced 2436 samples
2022-09-15 22:01:54,278 INFO o.a.j.r.p.AbstractSampleConsumer: class org.apache.jmeter.report.processor.graph.impl.TotalTPSGraphConsumer#stopProducing(): totalTPS produced 0 samples
2022-09-15 22:01:54,278 INFO o.a.j.r.p.AbstractSampleConsumer: class org.apache.jmeter.report.processor.graph.impl.ActiveThreadsGraphConsumer#stopProducing(): activeThreadsOverTime produced 0 samples
2022-09-15 22:01:54,278 INFO o.a.j.r.p.AbstractSampleConsumer: class org.apache.jmeter.report.processor.graph.impl.TimeVSThreadGraphConsumer#stopProducing(): timeVsThreads produced 0 samples
2022-09-15 22:01:54,287 INFO o.a.j.r.p.AbstractSampleConsumer: class org.apache.jmeter.report.processor.graph.impl.ResponseTimeDistributionGraphConsumer#stopProducing(): responseTimeDistribution produced 0 samples
2022-09-15 22:01:54,289 INFO o.a.j.r.p.AbstractSampleConsumer: class org.apache.jmeter.report.processor.graph.impl.TransactionsPerSecondGraphConsumer#stopProducing(): transactionsPerSecond produced 0 samples
2022-09-15 22:01:54,290 INFO o.a.j.r.p.AbstractSampleConsumer: class org.apache.jmeter.report.processor.graph.impl.ResponseTimePercentilesGraphConsumer#stopProducing(): responseTimePercentiles produced 0 samples
2022-09-15 22:01:54,317 INFO o.a.j.r.p.AbstractSampleConsumer: class org.apache.jmeter.report.processor.graph.impl.ResponseTimePercentilesOverTimeGraphConsumer#stopProducing(): responseTimePercentilesOverTime produced 0 samples
2022-09-15 22:01:54,318 INFO o.a.j.r.p.AbstractSampleConsumer: class org.apache.jmeter.report.processor.graph.impl.ResponseTimeOverTimeGraphConsumer#stopProducing(): responseTimesOverTime produced 0 samples
2022-09-15 22:01:54,319 INFO o.a.j.r.p.AbstractSampleConsumer: class org.apache.jmeter.report.processor.graph.impl.ConnectTimeOverTimeGraphConsumer#stopProducing(): connectTimeOverTime produced 0 samples
2022-09-15 22:01:54,320 INFO o.a.j.r.p.AbstractSampleConsumer: class org.apache.jmeter.report.processor.graph.impl.LatencyOverTimeGraphConsumer#stopProducing(): latenciesOverTime produced 0 samples
2022-09-15 22:01:54,321 INFO o.a.j.r.p.AbstractSampleConsumer: class org.apache.jmeter.report.processor.FilterConsumer#stopProducing(): nameFilter produced 5220 samples
2022-09-15 22:01:54,322 INFO o.a.j.r.p.AbstractSampleConsumer: class org.apache.jmeter.report.processor.FilterConsumer#stopProducing(): dateRangeFilter produced 1044 samples
2022-09-15 22:01:54,322 INFO o.a.j.r.p.AbstractSampleConsumer: class org.apache.jmeter.report.processor.NormalizerSampleConsumer#stopProducing(): normalizer produced 348 samples
2022-09-15 22:01:54,322 INFO o.a.j.r.p.CsvFileSampleSource: produce(): 348 samples produced in 132ms on channel 0
2022-09-15 22:01:54,322 INFO o.a.j.r.d.ReportGenerator: Exporting data using exporter:'json' of className:'org.apache.jmeter.report.dashboard.JsonExporter'
2022-09-15 22:01:54,407 INFO o.a.j.r.d.JsonExporter: Found data for consumer statisticsSummary in context
2022-09-15 22:01:54,407 INFO o.a.j.r.d.JsonExporter: Creating statistics for overall
2022-09-15 22:01:54,408 INFO o.a.j.r.d.JsonExporter: Creating statistics for other transactions
2022-09-15 22:01:54,409 INFO o.a.j.r.d.JsonExporter: Checking output folder
2022-09-15 22:01:54,409 INFO o.a.j.r.d.JsonExporter: Writing statistics JSON to C:\jmeter\bin\ecomerce\Dashbord\statistics.json
2022-09-15 22:01:54,447 INFO o.a.j.r.d.ReportGenerator: Exporting data using exporter:'html' of className:'org.apache.jmeter.report.dashboard.HtmlTemplateExporter'
2022-09-15 22:01:54,449 INFO o.a.j.r.d.HtmlTemplateExporter: Will generate dashboard in folder: C:\jmeter\bin\ecomerce\Dashbord
2022-09-15 22:01:54,782 INFO o.a.j.r.d.HtmlTemplateExporter: Report will be generated in: C:\jmeter\bin\ecomerce\Dashbord, creating folder structure
2022-09-15 22:01:54,784 INFO o.a.j.r.d.TemplateVisitor: Copying folder from 'C:\jmeter\bin\report-template' to 'C:\jmeter\bin\ecomerce\Dashbord', got message: C:\jmeter\bin\ecomerce\Dashbord, found non empty folder with following content [C:\jmeter\bin\ecomerce\Dashbord\statistics.json], will be ignored
2022-09-15 22:01:55,019 INFO o.a.j.JMeter: Dashboard generated
